2020-07-22 09:45:23,338 INFO Starting Nacos v1.1.4 on USER-20180824VC with PID 4748 (E:\nacos-server-1.1.4\nacos\target\nacos-server.jar started by Administrator in E:\nacos-server-1.1.4\nacos\bin)

2020-07-22 09:45:23,558 INFO The following profiles are active: standalone

2020-07-22 09:45:28,897 INFO Bean 'org.springframework.security.config.annotation.configuration.ObjectPostProcessorConfiguration' of type [org.springframework.security.config.annotation.configuration.ObjectPostProcessorConfiguration$$EnhancerBySpringCGLIB$$721e27e4] is not eligible for getting processed by all BeanPostProcessors (for example: not eligible for auto-proxying)

2020-07-22 09:45:29,127 INFO Bean 'objectPostProcessor' of type [org.springframework.security.config.annotation.configuration.AutowireBeanFactoryObjectPostProcessor] is not eligible for getting processed by all BeanPostProcessors (for example: not eligible for auto-proxying)

2020-07-22 09:45:29,134 INFO Bean 'org.springframework.security.access.expression.method.DefaultMethodSecurityExpressionHandler@73eb439a' of type [org.springframework.security.access.expression.method.DefaultMethodSecurityExpressionHandler] is not eligible for getting processed by all BeanPostProcessors (for example: not eligible for auto-proxying)

2020-07-22 09:45:29,137 INFO Bean 'org.springframework.security.config.annotation.method.configuration.GlobalMethodSecurityConfiguration' of type [org.springframework.security.config.annotation.method.configuration.GlobalMethodSecurityConfiguration$$EnhancerBySpringCGLIB$$96f2ca96] is not eligible for getting processed by all BeanPostProcessors (for example: not eligible for auto-proxying)

2020-07-22 09:45:29,149 INFO Bean 'methodSecurityMetadataSource' of type [org.springframework.security.access.method.DelegatingMethodSecurityMetadataSource] is not eligible for getting processed by all BeanPostProcessors (for example: not eligible for auto-proxying)

2020-07-22 09:45:31,002 INFO Tomcat initialized with port(s): 8848 (http)

2020-07-22 09:45:31,072 INFO Starting service [Tomcat]

2020-07-22 09:45:31,072 INFO Starting Servlet Engine: Apache Tomcat/9.0.13

2020-07-22 09:45:31,106 INFO The APR based Apache Tomcat Native library which allows optimal performance in production environments was not found on the java.library.path: [C:\Program Files\Java\jdk1.8.0_131\bin;C:\Windows\Sun\Java\bin;C:\Windows\system32;C:\Windows;C:\Program Files (x86)\NetSarang\Xftp 6\;C:\Program Files (x86)\NetSarang\Xshell 6\;C:\ProgramData\Oracle\Java\javapath;G:\app\Administrator\product\11.2.0\dbhome_2\bin;C:\Program Files (x86)\Oracle\jre\1.3.1\bin;C:\Program Files (x86)\Oracle\jre\1.1.8\bin;G:\oracle\ora92\bin;C:\Windows\system32;C:\Windows;C:\Windows\System32\Wbem;C:\Windows\System32\WindowsPowerShell\v1.0\;C:\Program Files (x86)\NVIDIA Corporation\PhysX\Common;C:\Program Files\nodejs\;%JAVA%\bin;%JAVA\jre\bin;C:\Program Files\Microsoft SQL Server\110\Tools\Binn\;C:\Program Files (x86)\MySQL\MySQL Fabric 1.5 & MySQL Utilities 1.5\;C:\Program Files (x86)\MySQL\MySQL Fabric 1.5 & MySQL Utilities 1.5\Doctrine extensions for PHP\;E:\Program Files\Git\cmd;E:\Program Files\TortoiseGit\bin;F:\apache-jmeter-5.3_src\apache-jmeter-5.3;E:\curl-7.71.1-win64-mingw\bin;C:\Users\Administrator\AppData\Roaming\npm;C:\Program Files\nodejs;C:\Program Files\Java\jre1.8.0_131\bin;D:\apache-maven-3.6.3\bin;;.]

2020-07-22 09:45:31,363 INFO Initializing Spring embedded WebApplicationContext

2020-07-22 09:45:31,364 INFO Root WebApplicationContext: initialization completed in 7660 ms

2020-07-22 09:45:38,376 INFO Use Mysql as the driver

2020-07-22 09:45:39,248 INFO Initializing ExecutorService 'applicationTaskExecutor'

2020-07-22 09:45:40,173 INFO Adding welcome page: class path resource [static/index.html]

2020-07-22 09:45:40,946 INFO Creating filter chain: Ant [pattern='/'], []

2020-07-22 09:45:40,947 INFO Creating filter chain: Ant [pattern='/**/*.css'], []

2020-07-22 09:45:40,948 INFO Creating filter chain: Ant [pattern='/**/*.js'], []

2020-07-22 09:45:40,949 INFO Creating filter chain: Ant [pattern='/**/*.html'], []

2020-07-22 09:45:40,950 INFO Creating filter chain: Ant [pattern='/**/*.map'], []

2020-07-22 09:45:40,951 INFO Creating filter chain: Ant [pattern='/**/*.svg'], []

2020-07-22 09:45:40,952 INFO Creating filter chain: Ant [pattern='/**/*.png'], []

2020-07-22 09:45:40,955 INFO Creating filter chain: Ant [pattern='/**/*.ico'], []

2020-07-22 09:45:40,956 INFO Creating filter chain: Ant [pattern='/console-fe/public/**'], []

2020-07-22 09:45:40,957 INFO Creating filter chain: Ant [pattern='/v1/auth/login'], []

2020-07-22 09:45:40,959 INFO Creating filter chain: Ant [pattern='/v1/console/health/**'], []

2020-07-22 09:45:40,960 INFO Creating filter chain: Ant [pattern='/v1/cs/**'], []

2020-07-22 09:45:40,961 INFO Creating filter chain: Ant [pattern='/v1/ns/**'], []

2020-07-22 09:45:40,963 INFO Creating filter chain: Ant [pattern='/v1/cmdb/**'], []

2020-07-22 09:45:40,964 INFO Creating filter chain: Ant [pattern='/actuator/**'], []

2020-07-22 09:45:40,965 INFO Creating filter chain: Ant [pattern='/v1/console/server/**'], []

2020-07-22 09:45:41,048 INFO Creating filter chain: any request, [org.springframework.security.web.context.request.async.WebAsyncManagerIntegrationFilter@75c9e76b, org.springframework.security.web.context.SecurityContextPersistenceFilter@726e5805, org.springframework.security.web.header.HeaderWriterFilter@60d1a32f, org.springframework.security.web.authentication.logout.LogoutFilter@3fffff43, com.alibaba.nacos.console.filter.JwtAuthenticationTokenFilter@7446d8d5, org.springframework.security.web.savedrequest.RequestCacheAwareFilter@4b672daa, org.springframework.security.web.servletapi.SecurityContextHolderAwareRequestFilter@ed3068a, org.springframework.security.web.authentication.AnonymousAuthenticationFilter@5c3b6c6e, org.springframework.security.web.session.SessionManagementFilter@22b53226, org.springframework.security.web.access.ExceptionTranslationFilter@75d0911a, org.springframework.security.web.access.intercept.FilterSecurityInterceptor@502f1f4c]

2020-07-22 09:45:41,280 INFO Exposing 2 endpoint(s) beneath base path '/actuator'

2020-07-22 09:45:41,357 INFO Initializing ExecutorService 'taskScheduler'

2020-07-22 09:45:41,589 INFO Tomcat started on port(s): 8848 (http) with context path '/nacos'

2020-07-22 09:45:41,601 INFO Started Nacos in 21.769 seconds (JVM running for 23.146)

2020-07-22 09:45:41,601 INFO Nacos Log files: E:\nacos-server-1.1.4\nacos/logs/

2020-07-22 09:45:41,602 INFO Nacos Conf files: E:\nacos-server-1.1.4\nacos/conf/

2020-07-22 09:45:41,603 INFO Nacos Data files: E:\nacos-server-1.1.4\nacos/data/

2020-07-22 09:45:41,604 INFO Nacos started successfully in stand alone mode.

2020-07-22 09:45:41,908 INFO Initializing Spring DispatcherServlet 'dispatcherServlet'

2020-07-22 09:45:41,909 INFO Initializing Servlet 'dispatcherServlet'

2020-07-22 09:45:41,930 INFO Completed initialization in 20 ms

2020-07-22 09:55:37,818 INFO [capacityManagement] start correct usage

2020-07-22 09:55:37,957 INFO [capacityManagement] end correct usage, cost: 0s

2020-07-22 09:55:38,385 WARN clearConfigHistory start

2020-07-22 10:05:37,971 INFO [capacityManagement] start correct usage

2020-07-22 10:05:37,977 INFO [capacityManagement] end correct usage, cost: 0s

2020-07-22 10:05:38,689 WARN clearConfigHistory start

2020-07-22 10:15:38,022 INFO [capacityManagement] start correct usage

2020-07-22 10:15:38,025 INFO [capacityManagement] end correct usage, cost: 0s

2020-07-22 10:15:38,708 WARN clearConfigHistory start

2020-07-22 10:25:38,041 INFO [capacityManagement] start correct usage

2020-07-22 10:25:38,046 INFO [capacityManagement] end correct usage, cost: 0s

2020-07-22 10:25:38,722 WARN clearConfigHistory start

2020-07-22 10:35:38,060 INFO [capacityManagement] start correct usage

2020-07-22 10:35:38,067 INFO [capacityManagement] end correct usage, cost: 0s

2020-07-22 10:35:38,747 WARN clearConfigHistory start

2020-07-22 10:45:38,081 INFO [capacityManagement] start correct usage

2020-07-22 10:45:38,083 INFO [capacityManagement] end correct usage, cost: 0s

2020-07-22 10:45:38,761 WARN clearConfigHistory start

2020-07-22 10:55:38,098 INFO [capacityManagement] start correct usage

2020-07-22 10:55:38,100 INFO [capacityManagement] end correct usage, cost: 0s

2020-07-22 10:55:38,817 WARN clearConfigHistory start

2020-07-22 11:05:38,114 INFO [capacityManagement] start correct usage

2020-07-22 11:05:38,117 INFO [capacityManagement] end correct usage, cost: 0s

2020-07-22 11:05:38,842 WARN clearConfigHistory start

2020-07-22 11:15:38,131 INFO [capacityManagement] start correct usage

2020-07-22 11:15:38,135 INFO [capacityManagement] end correct usage, cost: 0s

2020-07-22 11:15:38,858 WARN clearConfigHistory start

2020-07-22 11:25:38,148 INFO [capacityManagement] start correct usage

2020-07-22 11:25:38,152 INFO [capacityManagement] end correct usage, cost: 0s

2020-07-22 11:25:38,873 WARN clearConfigHistory start

2020-07-22 11:35:38,165 INFO [capacityManagement] start correct usage

2020-07-22 11:35:38,169 INFO [capacityManagement] end correct usage, cost: 0s

2020-07-22 11:35:38,888 WARN clearConfigHistory start

2020-07-22 11:45:38,182 INFO [capacityManagement] start correct usage

2020-07-22 11:45:38,184 INFO [capacityManagement] end correct usage, cost: 0s

2020-07-22 11:45:38,903 WARN clearConfigHistory start

2020-07-22 11:55:38,223 INFO [capacityManagement] start correct usage

2020-07-22 11:55:38,230 INFO [capacityManagement] end correct usage, cost: 0s

2020-07-22 11:55:38,918 WARN clearConfigHistory start

2020-07-22 12:05:38,244 INFO [capacityManagement] start correct usage

2020-07-22 12:05:38,247 INFO [capacityManagement] end correct usage, cost: 0s

2020-07-22 12:05:38,935 WARN clearConfigHistory start

2020-07-22 12:15:38,261 INFO [capacityManagement] start correct usage

2020-07-22 12:15:38,264 INFO [capacityManagement] end correct usage, cost: 0s

2020-07-22 12:15:38,955 WARN clearConfigHistory start

2020-07-22 12:25:38,277 INFO [capacityManagement] start correct usage

2020-07-22 12:25:38,280 INFO [capacityManagement] end correct usage, cost: 0s

2020-07-22 12:25:38,971 WARN clearConfigHistory start

