2020-07-22 09:46:08,393 INFO PERFORMANCE:|1|1|-1|-1

2020-07-22 09:51:08,403 INFO PERFORMANCE:|1|1|-1|-1

2020-07-22 09:56:08,410 INFO PERFORMANCE:|1|1|-1|-1

2020-07-22 10:01:08,419 INFO PERFORMANCE:|1|0|-1|-1

2020-07-22 10:06:08,427 INFO PERFORMANCE:|1|1|-1|-1

2020-07-22 10:11:08,435 INFO PERFORMANCE:|1|1|-1|-1

2020-07-22 10:16:08,442 INFO PERFORMANCE:|1|0|-1|-1

2020-07-22 10:21:08,449 INFO PERFORMANCE:|1|1|-1|-1

2020-07-22 10:26:08,456 INFO PERFORMANCE:|1|1|-1|-1

2020-07-22 10:31:08,463 INFO PERFORMANCE:|1|0|-1|-1

2020-07-22 10:36:08,470 INFO PERFORMANCE:|1|0|-1|-1

2020-07-22 10:41:08,477 INFO PERFORMANCE:|1|0|-1|-1

2020-07-22 10:46:08,484 INFO PERFORMANCE:|1|0|-1|-1

2020-07-22 10:51:08,491 INFO PERFORMANCE:|1|1|-1|-1

2020-07-22 10:56:08,498 INFO PERFORMANCE:|1|1|-1|-1

2020-07-22 11:01:08,505 INFO PERFORMANCE:|1|1|-1|-1

2020-07-22 11:06:08,512 INFO PERFORMANCE:|1|1|-1|-1

2020-07-22 11:11:08,519 INFO PERFORMANCE:|1|1|-1|-1

2020-07-22 11:16:08,526 INFO PERFORMANCE:|1|1|-1|-1

2020-07-22 11:21:08,533 INFO PERFORMANCE:|1|1|-1|-1

2020-07-22 11:26:08,540 INFO PERFORMANCE:|1|1|-1|-1

2020-07-22 11:31:08,547 INFO PERFORMANCE:|1|1|-1|-1

2020-07-22 11:36:08,554 INFO PERFORMANCE:|1|1|-1|-1

2020-07-22 11:41:08,561 INFO PERFORMANCE:|3|3|-1|-1

2020-07-22 11:46:08,568 INFO PERFORMANCE:|3|3|-1|-1

2020-07-22 11:51:08,576 INFO PERFORMANCE:|3|3|-1|-1

2020-07-22 11:56:08,583 INFO PERFORMANCE:|3|3|-1|-1

2020-07-22 12:01:08,590 INFO PERFORMANCE:|3|0|-1|-1

2020-07-22 12:06:08,597 INFO PERFORMANCE:|3|0|-1|-1

2020-07-22 12:11:08,604 INFO PERFORMANCE:|3|0|-1|-1

2020-07-22 12:16:08,611 INFO PERFORMANCE:|3|0|-1|-1

2020-07-22 12:21:08,618 INFO PERFORMANCE:|3|0|-1|-1

2020-07-22 12:26:08,625 INFO PERFORMANCE:|3|0|-1|-1

