2020-07-22 09:45:53,974 INFO DEFAULT_GROUP@@seata-account-service is changed, add it to push queue.

2020-07-22 09:49:00,870 INFO DEFAULT_GROUP@@seata-account-service is changed, add it to push queue.

2020-07-22 09:49:15,678 INFO DEFAULT_GROUP@@seata-account-service is changed, add it to push queue.

2020-07-22 09:49:59,599 INFO DEFAULT_GROUP@@seata-account-service is changed, add it to push queue.

2020-07-22 09:50:07,913 INFO DEFAULT_GROUP@@seata-account-service is changed, add it to push queue.

2020-07-22 09:53:16,725 INFO DEFAULT_GROUP@@seata-account-service is changed, add it to push queue.

2020-07-22 09:53:27,697 INFO DEFAULT_GROUP@@seata-account-service is changed, add it to push queue.

2020-07-22 09:55:38,542 INFO DEFAULT_GROUP@@seata-account-service is changed, add it to push queue.

2020-07-22 09:55:55,132 INFO DEFAULT_GROUP@@seata-account-service is changed, add it to push queue.

2020-07-22 09:56:49,079 INFO DEFAULT_GROUP@@seata-account-service is changed, add it to push queue.

2020-07-22 09:57:01,321 INFO DEFAULT_GROUP@@seata-account-service is changed, add it to push queue.

2020-07-22 09:57:44,754 INFO DEFAULT_GROUP@@seata-account-service is changed, add it to push queue.

2020-07-22 09:57:51,206 INFO DEFAULT_GROUP@@seata-account-service is changed, add it to push queue.

2020-07-22 09:59:44,777 INFO DEFAULT_GROUP@@seata-account-service is changed, add it to push queue.

2020-07-22 10:00:00,084 INFO DEFAULT_GROUP@@seata-account-service is changed, add it to push queue.

2020-07-22 10:02:49,541 INFO DEFAULT_GROUP@@seata-account-service is changed, add it to push queue.

2020-07-22 10:05:00,500 INFO DEFAULT_GROUP@@seata-account-service is changed, add it to push queue.

2020-07-22 10:05:15,260 INFO DEFAULT_GROUP@@seata-account-service is changed, add it to push queue.

2020-07-22 10:10:25,628 INFO DEFAULT_GROUP@@seata-account-service is changed, add it to push queue.

2020-07-22 10:10:28,177 INFO DEFAULT_GROUP@@seata-account-service is changed, add it to push queue.

2020-07-22 10:11:32,985 INFO DEFAULT_GROUP@@seata-account-service is changed, add it to push queue.

2020-07-22 10:11:47,071 INFO DEFAULT_GROUP@@seata-account-service is changed, add it to push queue.

2020-07-22 10:12:30,766 INFO DEFAULT_GROUP@@seata-account-service is changed, add it to push queue.

2020-07-22 10:12:40,097 INFO DEFAULT_GROUP@@seata-account-service is changed, add it to push queue.

2020-07-22 10:13:57,105 INFO DEFAULT_GROUP@@seata-account-service is changed, add it to push queue.

2020-07-22 10:14:09,949 INFO DEFAULT_GROUP@@seata-account-service is changed, add it to push queue.

2020-07-22 10:15:28,957 INFO DEFAULT_GROUP@@seata-account-service is changed, add it to push queue.

2020-07-22 10:16:57,991 INFO DEFAULT_GROUP@@seata-account-service is changed, add it to push queue.

2020-07-22 10:22:21,016 INFO DEFAULT_GROUP@@seata-account-service is changed, add it to push queue.

2020-07-22 10:22:29,298 INFO DEFAULT_GROUP@@seata-account-service is changed, add it to push queue.

2020-07-22 10:29:36,695 INFO DEFAULT_GROUP@@seata-account-service is changed, add it to push queue.

2020-07-22 10:29:51,720 INFO DEFAULT_GROUP@@seata-account-service is changed, add it to push queue.

2020-07-22 10:46:19,855 INFO DEFAULT_GROUP@@seata-account-service is changed, add it to push queue.

2020-07-22 10:55:53,531 INFO DEFAULT_GROUP@@seata-account-service is changed, add it to push queue.

2020-07-22 10:56:03,941 INFO DEFAULT_GROUP@@seata-account-service is changed, add it to push queue.

2020-07-22 10:56:08,545 INFO DEFAULT_GROUP@@seata-account-service is changed, add it to push queue.

2020-07-22 10:56:57,573 INFO DEFAULT_GROUP@@seata-account-service is changed, add it to push queue.

2020-07-22 10:57:11,669 INFO DEFAULT_GROUP@@seata-account-service is changed, add it to push queue.

2020-07-22 10:58:53,607 INFO DEFAULT_GROUP@@seata-account-service is changed, add it to push queue.

2020-07-22 10:58:57,530 INFO DEFAULT_GROUP@@seata-account-service is changed, add it to push queue.

2020-07-22 11:02:50,193 INFO DEFAULT_GROUP@@seata-account-service is changed, add it to push queue.

2020-07-22 11:03:01,693 INFO DEFAULT_GROUP@@seata-account-service is changed, add it to push queue.

2020-07-22 11:11:33,876 INFO DEFAULT_GROUP@@seata-account-service is changed, add it to push queue.

2020-07-22 11:11:39,686 INFO DEFAULT_GROUP@@seata-account-service is changed, add it to push queue.

2020-07-22 11:13:34,349 INFO DEFAULT_GROUP@@seata-account-service is changed, add it to push queue.

2020-07-22 11:13:45,664 INFO DEFAULT_GROUP@@seata-account-service is changed, add it to push queue.

2020-07-22 11:14:11,802 INFO DEFAULT_GROUP@@seata-account-service is changed, add it to push queue.

2020-07-22 11:14:23,185 INFO DEFAULT_GROUP@@seata-account-service is changed, add it to push queue.

2020-07-22 11:14:39,101 INFO DEFAULT_GROUP@@seata-account-service is changed, add it to push queue.

2020-07-22 11:14:49,905 INFO DEFAULT_GROUP@@seata-account-service is changed, add it to push queue.

2020-07-22 11:16:40,156 INFO DEFAULT_GROUP@@seata-account-service is changed, add it to push queue.

2020-07-22 11:16:49,531 INFO DEFAULT_GROUP@@seata-account-service is changed, add it to push queue.

2020-07-22 11:17:39,533 INFO DEFAULT_GROUP@@seata-account-service is changed, add it to push queue.

2020-07-22 11:17:44,982 INFO DEFAULT_GROUP@@seata-account-service is changed, add it to push queue.

2020-07-22 11:36:51,116 INFO DEFAULT_GROUP@@seata-order-service is changed, add it to push queue.

2020-07-22 11:37:02,001 INFO DEFAULT_GROUP@@seata-storage-service is changed, add it to push queue.

2020-07-22 11:50:40,153 INFO DEFAULT_GROUP@@seata-account-service is changed, add it to push queue.

2020-07-22 11:50:40,163 INFO serviceName: DEFAULT_GROUP@@seata-account-service changed, schedule push for: 192.168.177.1:51066, agent: Nacos-Java-Client:v1.1.1, key: 192.168.177.1,51066,11736906149990

2020-07-22 11:50:40,164 INFO send udp packet: 192.168.177.1,51066,11736906149990

2020-07-22 11:50:40,233 INFO received ack: {"type": "push-ack", "lastRefTime":"11736906149990", "data":""} from: 192.168.177.1:, cost: 51066 ms, unacked: 69, total push: 0

2020-07-22 11:50:50,134 INFO DEFAULT_GROUP@@seata-account-service is changed, add it to push queue.

2020-07-22 11:50:50,134 INFO serviceName: DEFAULT_GROUP@@seata-account-service changed, schedule push for: 192.168.177.1:51066, agent: Nacos-Java-Client:v1.1.1, key: 192.168.177.1,51066,11746886878481

2020-07-22 11:50:50,134 INFO send udp packet: 192.168.177.1,51066,11746886878481

2020-07-22 11:50:50,137 INFO received ack: {"type": "push-ack", "lastRefTime":"11746886878481", "data":""} from: 192.168.177.1:, cost: 51066 ms, unacked: 3, total push: 0

2020-07-22 11:55:21,106 INFO DEFAULT_GROUP@@seata-order-service is changed, add it to push queue.

2020-07-22 11:55:35,602 INFO DEFAULT_GROUP@@seata-order-service is changed, add it to push queue.

2020-07-22 11:56:45,639 INFO DEFAULT_GROUP@@seata-order-service is changed, add it to push queue.

2020-07-22 11:56:58,598 INFO DEFAULT_GROUP@@seata-order-service is changed, add it to push queue.

2020-07-22 11:57:21,966 INFO DEFAULT_GROUP@@seata-order-service is changed, add it to push queue.

2020-07-22 11:57:24,830 INFO DEFAULT_GROUP@@seata-order-service is changed, add it to push queue.

2020-07-22 12:00:20,467 INFO DEFAULT_GROUP@@seata-account-service is changed, add it to push queue.

2020-07-22 12:00:22,026 INFO DEFAULT_GROUP@@seata-order-service is changed, add it to push queue.

2020-07-22 12:00:22,543 INFO DEFAULT_GROUP@@seata-storage-service is changed, add it to push queue.

2020-07-22 12:00:35,503 INFO DEFAULT_GROUP@@seata-account-service is changed, add it to push queue.

2020-07-22 12:00:37,043 INFO DEFAULT_GROUP@@seata-order-service is changed, add it to push queue.

2020-07-22 12:00:37,548 INFO DEFAULT_GROUP@@seata-storage-service is changed, add it to push queue.

